<?xml version="1.0" encoding="UTF-8"?>
<robot generator="Robot 7.2 (Python 3.12.8 on win32)" generated="2025-01-31T20:23:55.290093" rpa="false" schemaversion="5">
<suite id="s1" name="ST CNX" source="C:\Users\khall\OneDrive\Bureau\RobotFrameWorkProject\SauceLabProject\part2\ST_CNX.robot">
<test id="s1-t1" name="se connecter avec invalide user locked" line="28">
<kw name="Ouvrir url">
<msg time="2025-01-31T20:23:56.300982" level="FAIL">No keyword with name 'Ouvrir url' found.</msg>
<status status="FAIL" start="2025-01-31T20:23:56.300982" elapsed="0.000000">No keyword with name 'Ouvrir url' found.</status>
</kw>
<kw name="login user">
<arg>${locked_user}</arg>
<arg>${passwordGeneral}</arg>
<status status="NOT RUN" start="2025-01-31T20:23:56.301978" elapsed="0.000000"/>
</kw>
<status status="FAIL" start="2025-01-31T20:23:56.294996" elapsed="0.006982">No keyword with name 'Ouvrir url' found.</status>
</test>
<test id="s1-t2" name="se connecter avec problem with user" line="32">
<kw name="login user">
<kw name="Open Browser" owner="SeleniumLibrary">
<msg time="2025-01-31T20:23:56.310954" level="INFO">Opening browser 'firefox' to base url 'Chrome'.</msg>
<msg time="2025-01-31T20:24:10.565756" level="INFO" html="true">&lt;/td&gt;&lt;/tr&gt;&lt;tr&gt;&lt;td colspan="3"&gt;&lt;a href="selenium-screenshot-4.png"&gt;&lt;img src="selenium-screenshot-4.png" width="800px"&gt;&lt;/a&gt;</msg>
<msg time="2025-01-31T20:24:10.565756" level="FAIL">InvalidArgumentException: Message: Malformed URL: URL constructor: Chrome is not a valid URL.
Stacktrace:
RemoteError@chrome://remote/content/shared/RemoteError.sys.mjs:8:8
WebDriverError@chrome://remote/content/shared/webdriver/Errors.sys.mjs:193:5
InvalidArgumentError@chrome://remote/content/shared/webdriver/Errors.sys.mjs:384:5
GeckoDriver.prototype.navigateTo@chrome://remote/content/marionette/driver.sys.mjs:1054:11
</msg>
<arg>Chrome</arg>
<doc>Opens a new browser instance to the optional ``url``.</doc>
<status status="FAIL" start="2025-01-31T20:23:56.309956" elapsed="14.263776">InvalidArgumentException: Message: Malformed URL: URL constructor: Chrome is not a valid URL.
Stacktrace:
RemoteError@chrome://remote/content/shared/RemoteError.sys.mjs:8:8
WebDriverError@chrome://remote/content/shared/webdriver/Errors.sys.mjs:193:5
InvalidArgumentError@chrome://remote/content/shared/webdriver/Errors.sys.mjs:384:5
GeckoDriver.prototype.navigateTo@chrome://remote/content/marionette/driver.sys.mjs:1054:11
</status>
</kw>
<kw name="Wait Until Element Is Visible" owner="SeleniumLibrary">
<arg>${champsUserName}</arg>
<doc>Waits until the element ``locator`` is visible.</doc>
<status status="NOT RUN" start="2025-01-31T20:24:10.574730" elapsed="0.000000"/>
</kw>
<kw name="Input Text" owner="SeleniumLibrary">
<arg>${champsUserName}</arg>
<arg>${userName}</arg>
<doc>Types the given ``text`` into the text field identified by ``locator``.</doc>
<status status="NOT RUN" start="2025-01-31T20:24:10.574730" elapsed="0.000000"/>
</kw>
<kw name="Input Text" owner="SeleniumLibrary">
<arg>${champsPassword}</arg>
<arg>${password}</arg>
<doc>Types the given ``text`` into the text field identified by ``locator``.</doc>
<status status="NOT RUN" start="2025-01-31T20:24:10.575726" elapsed="0.000000"/>
</kw>
<kw name="Click Element" owner="SeleniumLibrary">
<arg>${login}</arg>
<doc>Click the element identified by ``locator``.</doc>
<status status="NOT RUN" start="2025-01-31T20:24:10.575726" elapsed="0.000000"/>
</kw>
<arg>${error_with_user}</arg>
<arg>${passwordGeneral}</arg>
<status status="FAIL" start="2025-01-31T20:23:56.306963" elapsed="14.269762">InvalidArgumentException: Message: Malformed URL: URL constructor: Chrome is not a valid URL.
Stacktrace:
RemoteError@chrome://remote/content/shared/RemoteError.sys.mjs:8:8
WebDriverError@chrome://remote/content/shared/webdriver/Errors.sys.mjs:193:5
InvalidArgumentError@chrome://remote/content/shared/webdriver/Errors.sys.mjs:384:5
GeckoDriver.prototype.navigateTo@chrome://remote/content/marionette/driver.sys.mjs:1054:11
</status>
</kw>
<status status="FAIL" start="2025-01-31T20:23:56.305969" elapsed="14.271755">InvalidArgumentException: Message: Malformed URL: URL constructor: Chrome is not a valid URL.
Stacktrace:
RemoteError@chrome://remote/content/shared/RemoteError.sys.mjs:8:8
WebDriverError@chrome://remote/content/shared/webdriver/Errors.sys.mjs:193:5
InvalidArgumentError@chrome://remote/content/shared/webdriver/Errors.sys.mjs:384:5
GeckoDriver.prototype.navigateTo@chrome://remote/content/marionette/driver.sys.mjs:1054:11
</status>
</test>
<test id="s1-t3" name="se connecter avec valid user" line="34">
<kw name="login user">
<kw name="Open Browser" owner="SeleniumLibrary">
<msg time="2025-01-31T20:24:10.585701" level="INFO">Opening browser 'firefox' to base url 'Chrome'.</msg>
<msg time="2025-01-31T20:24:26.402455" level="INFO" html="true">&lt;/td&gt;&lt;/tr&gt;&lt;tr&gt;&lt;td colspan="3"&gt;&lt;a href="selenium-screenshot-5.png"&gt;&lt;img src="selenium-screenshot-5.png" width="800px"&gt;&lt;/a&gt;</msg>
<msg time="2025-01-31T20:24:26.403455" level="FAIL">InvalidArgumentException: Message: Malformed URL: URL constructor: Chrome is not a valid URL.
Stacktrace:
RemoteError@chrome://remote/content/shared/RemoteError.sys.mjs:8:8
WebDriverError@chrome://remote/content/shared/webdriver/Errors.sys.mjs:193:5
InvalidArgumentError@chrome://remote/content/shared/webdriver/Errors.sys.mjs:384:5
GeckoDriver.prototype.navigateTo@chrome://remote/content/marionette/driver.sys.mjs:1054:11
</msg>
<arg>Chrome</arg>
<doc>Opens a new browser instance to the optional ``url``.</doc>
<status status="FAIL" start="2025-01-31T20:24:10.584703" elapsed="15.820746">InvalidArgumentException: Message: Malformed URL: URL constructor: Chrome is not a valid URL.
Stacktrace:
RemoteError@chrome://remote/content/shared/RemoteError.sys.mjs:8:8
WebDriverError@chrome://remote/content/shared/webdriver/Errors.sys.mjs:193:5
InvalidArgumentError@chrome://remote/content/shared/webdriver/Errors.sys.mjs:384:5
GeckoDriver.prototype.navigateTo@chrome://remote/content/marionette/driver.sys.mjs:1054:11
</status>
</kw>
<kw name="Wait Until Element Is Visible" owner="SeleniumLibrary">
<arg>${champsUserName}</arg>
<doc>Waits until the element ``locator`` is visible.</doc>
<status status="NOT RUN" start="2025-01-31T20:24:26.405449" elapsed="0.000997"/>
</kw>
<kw name="Input Text" owner="SeleniumLibrary">
<arg>${champsUserName}</arg>
<arg>${userName}</arg>
<doc>Types the given ``text`` into the text field identified by ``locator``.</doc>
<status status="NOT RUN" start="2025-01-31T20:24:26.406446" elapsed="0.000000"/>
</kw>
<kw name="Input Text" owner="SeleniumLibrary">
<arg>${champsPassword}</arg>
<arg>${password}</arg>
<doc>Types the given ``text`` into the text field identified by ``locator``.</doc>
<status status="NOT RUN" start="2025-01-31T20:24:26.407443" elapsed="0.000000"/>
</kw>
<kw name="Click Element" owner="SeleniumLibrary">
<arg>${login}</arg>
<doc>Click the element identified by ``locator``.</doc>
<status status="NOT RUN" start="2025-01-31T20:24:26.408442" elapsed="0.000000"/>
</kw>
<arg>${valid_user}</arg>
<arg>${passwordGeneral}</arg>
<status status="FAIL" start="2025-01-31T20:24:10.583707" elapsed="15.824735">InvalidArgumentException: Message: Malformed URL: URL constructor: Chrome is not a valid URL.
Stacktrace:
RemoteError@chrome://remote/content/shared/RemoteError.sys.mjs:8:8
WebDriverError@chrome://remote/content/shared/webdriver/Errors.sys.mjs:193:5
InvalidArgumentError@chrome://remote/content/shared/webdriver/Errors.sys.mjs:384:5
GeckoDriver.prototype.navigateTo@chrome://remote/content/marionette/driver.sys.mjs:1054:11
</status>
</kw>
<status status="FAIL" start="2025-01-31T20:24:10.581712" elapsed="15.853655">InvalidArgumentException: Message: Malformed URL: URL constructor: Chrome is not a valid URL.
Stacktrace:
RemoteError@chrome://remote/content/shared/RemoteError.sys.mjs:8:8
WebDriverError@chrome://remote/content/shared/webdriver/Errors.sys.mjs:193:5
InvalidArgumentError@chrome://remote/content/shared/webdriver/Errors.sys.mjs:384:5
GeckoDriver.prototype.navigateTo@chrome://remote/content/marionette/driver.sys.mjs:1054:11
</status>
</test>
<status status="FAIL" start="2025-01-31T20:23:55.296069" elapsed="31.186174"/>
</suite>
<statistics>
<total>
<stat pass="0" fail="3" skip="0">All Tests</stat>
</total>
<tag>
</tag>
<suite>
<stat name="ST CNX" id="s1" pass="0" fail="3" skip="0">ST CNX</stat>
</suite>
</statistics>
<errors>
</errors>
</robot>
